This file contains any messages produced by compilers while
running configure, to aid debugging if configure makes a mistake.

It was created by RNAhybrid configure 1.0, which was
generated by GNU Autoconf 2.69.  Invocation command line was

  $ ./configure --no-create --no-recursion

## --------- ##
## Platform. ##
## --------- ##

hostname = darwin
uname -m = x86_64
uname -r = 4.4.0-93-generic
uname -s = Linux
uname -v = #116-Ubuntu SMP Fri Aug 11 21:17:51 UTC 2017

/usr/bin/uname -p = unknown
/bin/uname -X     = unknown

/bin/arch              = unknown
/usr/bin/arch -k       = unknown
/usr/convex/getsysinfo = unknown
/usr/bin/hostinfo      = unknown
/bin/machine           = unknown
/usr/bin/oslevel       = unknown
/bin/universe          = unknown

PATH: /usr/local/sbin
PATH: /usr/local/bin
PATH: /usr/sbin
PATH: /usr/bin
PATH: /sbin
PATH: /bin
PATH: /usr/games
PATH: /usr/local/games
PATH: /snap/bin


## ----------- ##
## Core tests. ##
## ----------- ##

configure:2170: checking for a BSD-compatible install
configure:2238: result: /usr/bin/install -c
configure:2249: checking whether build environment is sane
configure:2286: result: yes
configure:2316: checking for gawk
configure:2332: found /usr/bin/gawk
configure:2343: result: gawk
configure:2354: checking whether make sets $(MAKE)
configure:2376: result: yes
configure:2602: checking for gcc
configure:2618: found /usr/bin/gcc
configure:2629: result: gcc
configure:2858: checking for C compiler version
configure:2867: gcc --version >&5
gcc (Ubuntu 5.4.0-6ubuntu1~16.04.5) 5.4.0 20160609
Copyright (C) 2015 Free Software Foundation, Inc.
This is free software; see the source for copying conditions.  There is NO
warranty; not even for MERCHANTABILITY or FITNESS FOR A PARTICULAR PURPOSE.

configure:2878: $? = 0
configure:2867: gcc -v >&5
Using built-in specs.
COLLECT_GCC=gcc
COLLECT_LTO_WRAPPER=/usr/lib/gcc/x86_64-linux-gnu/5/lto-wrapper
Target: x86_64-linux-gnu
Configured with: ../src/configure -v --with-pkgversion='Ubuntu 5.4.0-6ubuntu1~16.04.5' --with-bugurl=file:///usr/share/doc/gcc-5/README.Bugs --enable-languages=c,ada,c++,java,go,d,fortran,objc,obj-c++ --prefix=/usr --program-suffix=-5 --enable-shared --enable-linker-build-id --libexecdir=/usr/lib --without-included-gettext --enable-threads=posix --libdir=/usr/lib --enable-nls --with-sysroot=/ --enable-clocale=gnu --enable-libstdcxx-debug --enable-libstdcxx-time=yes --with-default-libstdcxx-abi=new --enable-gnu-unique-object --disable-vtable-verify --enable-libmpx --enable-plugin --with-system-zlib --disable-browser-plugin --enable-java-awt=gtk --enable-gtk-cairo --with-java-home=/usr/lib/jvm/java-1.5.0-gcj-5-amd64/jre --enable-java-home --with-jvm-root-dir=/usr/lib/jvm/java-1.5.0-gcj-5-amd64 --with-jvm-jar-dir=/usr/lib/jvm-exports/java-1.5.0-gcj-5-amd64 --with-arch-directory=amd64 --with-ecj-jar=/usr/share/java/eclipse-ecj.jar --enable-objc-gc --enable-multiarch --disable-werror --with-arch-32=i686 --with-abi=m64 --with-multilib-list=m32,m64,mx32 --enable-multilib --with-tune=generic --enable-checking=release --build=x86_64-linux-gnu --host=x86_64-linux-gnu --target=x86_64-linux-gnu
Thread model: posix
gcc version 5.4.0 20160609 (Ubuntu 5.4.0-6ubuntu1~16.04.5) 
configure:2878: $? = 0
configure:2867: gcc -V >&5
gcc: error: unrecognized command line option '-V'
gcc: fatal error: no input files
compilation terminated.
configure:2878: $? = 1
configure:2867: gcc -qversion >&5
gcc: error: unrecognized command line option '-qversion'
gcc: fatal error: no input files
compilation terminated.
configure:2878: $? = 1
configure:2898: checking whether the C compiler works
configure:2920: gcc    conftest.c  >&5
configure:2924: $? = 0
configure:2972: result: yes
configure:2975: checking for C compiler default output file name
configure:2977: result: a.out
configure:2983: checking for suffix of executables
configure:2990: gcc -o conftest    conftest.c  >&5
configure:2994: $? = 0
configure:3016: result: 
configure:3038: checking whether we are cross compiling
configure:3046: gcc -o conftest    conftest.c  >&5
configure:3050: $? = 0
configure:3057: ./conftest
configure:3061: $? = 0
configure:3076: result: no
configure:3081: checking for suffix of object files
configure:3103: gcc -c   conftest.c >&5
configure:3107: $? = 0
configure:3128: result: o
configure:3132: checking whether we are using the GNU C compiler
configure:3151: gcc -c   conftest.c >&5
configure:3151: $? = 0
configure:3160: result: yes
configure:3169: checking whether gcc accepts -g
configure:3189: gcc -c -g  conftest.c >&5
configure:3189: $? = 0
configure:3230: result: yes
configure:3247: checking for gcc option to accept ISO C89
configure:3310: gcc  -c -g -O2  conftest.c >&5
configure:3310: $? = 0
configure:3323: result: none needed
configure:3353: checking for style of include used by make
configure:3381: result: GNU
configure:3409: checking dependency style of gcc
configure:3477: result: gcc3
configure:3502: checking for log in -lm
configure:3527: gcc -o conftest -g -O2   conftest.c -lm   >&5
conftest.c:18:6: warning: conflicting types for built-in function 'log'
 char log ();
      ^
configure:3527: $? = 0
configure:3536: result: yes
configure:3549: checking for g2_open_vd in -lg2
configure:3574: gcc -o conftest -g -O2   conftest.c -lg2  -lm  >&5
/usr/bin/ld: cannot find -lg2
collect2: error: ld returned 1 exit status
configure:3574: $? = 1
configure: failed program was:
| /* confdefs.h */
| #define PACKAGE_NAME "RNAhybrid"
| #define PACKAGE_TARNAME "RNAhybrid"
| #define PACKAGE_VERSION "1.0"
| #define PACKAGE_STRING "RNAhybrid 1.0"
| #define PACKAGE_BUGREPORT "marc@techfak.uni-bielefeld.de"
| #define PACKAGE_URL ""
| #define PACKAGE "RNAhybrid"
| #define VERSION "1.0"
| #define HAVE_LIBM 1
| /* end confdefs.h.  */
| 
| /* Override any GCC internal prototype to avoid an error.
|    Use char because int might match the return type of a GCC
|    builtin and then its argument prototype would still apply.  */
| #ifdef __cplusplus
| extern "C"
| #endif
| char g2_open_vd ();
| int
| main ()
| {
| return g2_open_vd ();
|   ;
|   return 0;
| }
configure:3583: result: no
configure:3593: WARNING: libg2.a is missing. You can download it at http://g2.sourceforge.net/
configure:3597: checking for gdImageLine in -lgd
configure:3622: gcc -o conftest -g -O2   conftest.c -lgd  -lm  >&5
/usr/bin/ld: cannot find -lgd
collect2: error: ld returned 1 exit status
configure:3622: $? = 1
configure: failed program was:
| /* confdefs.h */
| #define PACKAGE_NAME "RNAhybrid"
| #define PACKAGE_TARNAME "RNAhybrid"
| #define PACKAGE_VERSION "1.0"
| #define PACKAGE_STRING "RNAhybrid 1.0"
| #define PACKAGE_BUGREPORT "marc@techfak.uni-bielefeld.de"
| #define PACKAGE_URL ""
| #define PACKAGE "RNAhybrid"
| #define VERSION "1.0"
| #define HAVE_LIBM 1
| /* end confdefs.h.  */
| 
| /* Override any GCC internal prototype to avoid an error.
|    Use char because int might match the return type of a GCC
|    builtin and then its argument prototype would still apply.  */
| #ifdef __cplusplus
| extern "C"
| #endif
| char gdImageLine ();
| int
| main ()
| {
| return gdImageLine ();
|   ;
|   return 0;
| }
configure:3631: result: no
configure:3648: checking how to run the C preprocessor
configure:3679: gcc -E  conftest.c
configure:3679: $? = 0
configure:3693: gcc -E  conftest.c
conftest.c:12:28: fatal error: ac_nonexistent.h: No such file or directory
compilation terminated.
configure:3693: $? = 1
configure: failed program was:
| /* confdefs.h */
| #define PACKAGE_NAME "RNAhybrid"
| #define PACKAGE_TARNAME "RNAhybrid"
| #define PACKAGE_VERSION "1.0"
| #define PACKAGE_STRING "RNAhybrid 1.0"
| #define PACKAGE_BUGREPORT "marc@techfak.uni-bielefeld.de"
| #define PACKAGE_URL ""
| #define PACKAGE "RNAhybrid"
| #define VERSION "1.0"
| #define HAVE_LIBM 1
| /* end confdefs.h.  */
| #include <ac_nonexistent.h>
configure:3718: result: gcc -E
configure:3738: gcc -E  conftest.c
configure:3738: $? = 0
configure:3752: gcc -E  conftest.c
conftest.c:12:28: fatal error: ac_nonexistent.h: No such file or directory
compilation terminated.
configure:3752: $? = 1
configure: failed program was:
| /* confdefs.h */
| #define PACKAGE_NAME "RNAhybrid"
| #define PACKAGE_TARNAME "RNAhybrid"
| #define PACKAGE_VERSION "1.0"
| #define PACKAGE_STRING "RNAhybrid 1.0"
| #define PACKAGE_BUGREPORT "marc@techfak.uni-bielefeld.de"
| #define PACKAGE_URL ""
| #define PACKAGE "RNAhybrid"
| #define VERSION "1.0"
| #define HAVE_LIBM 1
| /* end confdefs.h.  */
| #include <ac_nonexistent.h>
configure:3781: checking for grep that handles long lines and -e
configure:3839: result: /bin/grep
configure:3844: checking for egrep
configure:3906: result: /bin/grep -E
configure:3911: checking for ANSI C header files
configure:3931: gcc -c -g -O2  conftest.c >&5
configure:3931: $? = 0
configure:4004: gcc -o conftest -g -O2   conftest.c -lm  >&5
configure:4004: $? = 0
configure:4004: ./conftest
configure:4004: $? = 0
configure:4015: result: yes
configure:4028: checking for sys/types.h
configure:4028: gcc -c -g -O2  conftest.c >&5
configure:4028: $? = 0
configure:4028: result: yes
configure:4028: checking for sys/stat.h
configure:4028: gcc -c -g -O2  conftest.c >&5
configure:4028: $? = 0
configure:4028: result: yes
configure:4028: checking for stdlib.h
configure:4028: gcc -c -g -O2  conftest.c >&5
configure:4028: $? = 0
configure:4028: result: yes
configure:4028: checking for string.h
configure:4028: gcc -c -g -O2  conftest.c >&5
configure:4028: $? = 0
configure:4028: result: yes
configure:4028: checking for memory.h
configure:4028: gcc -c -g -O2  conftest.c >&5
configure:4028: $? = 0
configure:4028: result: yes
configure:4028: checking for strings.h
configure:4028: gcc -c -g -O2  conftest.c >&5
configure:4028: $? = 0
configure:4028: result: yes
configure:4028: checking for inttypes.h
configure:4028: gcc -c -g -O2  conftest.c >&5
configure:4028: $? = 0
configure:4028: result: yes
configure:4028: checking for stdint.h
configure:4028: gcc -c -g -O2  conftest.c >&5
configure:4028: $? = 0
configure:4028: result: yes
configure:4028: checking for unistd.h
configure:4028: gcc -c -g -O2  conftest.c >&5
configure:4028: $? = 0
configure:4028: result: yes
configure:4040: checking g2.h usability
configure:4040: gcc -c -g -O2  conftest.c >&5
conftest.c:55:16: fatal error: g2.h: No such file or directory
compilation terminated.
configure:4040: $? = 1
configure: failed program was:
| /* confdefs.h */
| #define PACKAGE_NAME "RNAhybrid"
| #define PACKAGE_TARNAME "RNAhybrid"
| #define PACKAGE_VERSION "1.0"
| #define PACKAGE_STRING "RNAhybrid 1.0"
| #define PACKAGE_BUGREPORT "marc@techfak.uni-bielefeld.de"
| #define PACKAGE_URL ""
| #define PACKAGE "RNAhybrid"
| #define VERSION "1.0"
| #define HAVE_LIBM 1
| #define STDC_HEADERS 1
| #define HAVE_SYS_TYPES_H 1
| #define HAVE_SYS_STAT_H 1
| #define HAVE_STDLIB_H 1
| #define HAVE_STRING_H 1
| #define HAVE_MEMORY_H 1
| #define HAVE_STRINGS_H 1
| #define HAVE_INTTYPES_H 1
| #define HAVE_STDINT_H 1
| #define HAVE_UNISTD_H 1
| /* end confdefs.h.  */
| #include <stdio.h>
| #ifdef HAVE_SYS_TYPES_H
| # include <sys/types.h>
| #endif
| #ifdef HAVE_SYS_STAT_H
| # include <sys/stat.h>
| #endif
| #ifdef STDC_HEADERS
| # include <stdlib.h>
| # include <stddef.h>
| #else
| # ifdef HAVE_STDLIB_H
| #  include <stdlib.h>
| # endif
| #endif
| #ifdef HAVE_STRING_H
| # if !defined STDC_HEADERS && defined HAVE_MEMORY_H
| #  include <memory.h>
| # endif
| # include <string.h>
| #endif
| #ifdef HAVE_STRINGS_H
| # include <strings.h>
| #endif
| #ifdef HAVE_INTTYPES_H
| # include <inttypes.h>
| #endif
| #ifdef HAVE_STDINT_H
| # include <stdint.h>
| #endif
| #ifdef HAVE_UNISTD_H
| # include <unistd.h>
| #endif
| #include <g2.h>
configure:4040: result: no
configure:4040: checking g2.h presence
configure:4040: gcc -E  conftest.c
conftest.c:22:16: fatal error: g2.h: No such file or directory
compilation terminated.
configure:4040: $? = 1
configure: failed program was:
| /* confdefs.h */
| #define PACKAGE_NAME "RNAhybrid"
| #define PACKAGE_TARNAME "RNAhybrid"
| #define PACKAGE_VERSION "1.0"
| #define PACKAGE_STRING "RNAhybrid 1.0"
| #define PACKAGE_BUGREPORT "marc@techfak.uni-bielefeld.de"
| #define PACKAGE_URL ""
| #define PACKAGE "RNAhybrid"
| #define VERSION "1.0"
| #define HAVE_LIBM 1
| #define STDC_HEADERS 1
| #define HAVE_SYS_TYPES_H 1
| #define HAVE_SYS_STAT_H 1
| #define HAVE_STDLIB_H 1
| #define HAVE_STRING_H 1
| #define HAVE_MEMORY_H 1
| #define HAVE_STRINGS_H 1
| #define HAVE_INTTYPES_H 1
| #define HAVE_STDINT_H 1
| #define HAVE_UNISTD_H 1
| /* end confdefs.h.  */
| #include <g2.h>
configure:4040: result: no
configure:4040: checking for g2.h
configure:4040: result: no
configure:4046: checking g2_PS.h usability
configure:4046: gcc -c -g -O2  conftest.c >&5
conftest.c:55:19: fatal error: g2_PS.h: No such file or directory
compilation terminated.
configure:4046: $? = 1
configure: failed program was:
| /* confdefs.h */
| #define PACKAGE_NAME "RNAhybrid"
| #define PACKAGE_TARNAME "RNAhybrid"
| #define PACKAGE_VERSION "1.0"
| #define PACKAGE_STRING "RNAhybrid 1.0"
| #define PACKAGE_BUGREPORT "marc@techfak.uni-bielefeld.de"
| #define PACKAGE_URL ""
| #define PACKAGE "RNAhybrid"
| #define VERSION "1.0"
| #define HAVE_LIBM 1
| #define STDC_HEADERS 1
| #define HAVE_SYS_TYPES_H 1
| #define HAVE_SYS_STAT_H 1
| #define HAVE_STDLIB_H 1
| #define HAVE_STRING_H 1
| #define HAVE_MEMORY_H 1
| #define HAVE_STRINGS_H 1
| #define HAVE_INTTYPES_H 1
| #define HAVE_STDINT_H 1
| #define HAVE_UNISTD_H 1
| /* end confdefs.h.  */
| #include <stdio.h>
| #ifdef HAVE_SYS_TYPES_H
| # include <sys/types.h>
| #endif
| #ifdef HAVE_SYS_STAT_H
| # include <sys/stat.h>
| #endif
| #ifdef STDC_HEADERS
| # include <stdlib.h>
| # include <stddef.h>
| #else
| # ifdef HAVE_STDLIB_H
| #  include <stdlib.h>
| # endif
| #endif
| #ifdef HAVE_STRING_H
| # if !defined STDC_HEADERS && defined HAVE_MEMORY_H
| #  include <memory.h>
| # endif
| # include <string.h>
| #endif
| #ifdef HAVE_STRINGS_H
| # include <strings.h>
| #endif
| #ifdef HAVE_INTTYPES_H
| # include <inttypes.h>
| #endif
| #ifdef HAVE_STDINT_H
| # include <stdint.h>
| #endif
| #ifdef HAVE_UNISTD_H
| # include <unistd.h>
| #endif
| #include <g2_PS.h>
configure:4046: result: no
configure:4046: checking g2_PS.h presence
configure:4046: gcc -E  conftest.c
conftest.c:22:19: fatal error: g2_PS.h: No such file or directory
compilation terminated.
configure:4046: $? = 1
configure: failed program was:
| /* confdefs.h */
| #define PACKAGE_NAME "RNAhybrid"
| #define PACKAGE_TARNAME "RNAhybrid"
| #define PACKAGE_VERSION "1.0"
| #define PACKAGE_STRING "RNAhybrid 1.0"
| #define PACKAGE_BUGREPORT "marc@techfak.uni-bielefeld.de"
| #define PACKAGE_URL ""
| #define PACKAGE "RNAhybrid"
| #define VERSION "1.0"
| #define HAVE_LIBM 1
| #define STDC_HEADERS 1
| #define HAVE_SYS_TYPES_H 1
| #define HAVE_SYS_STAT_H 1
| #define HAVE_STDLIB_H 1
| #define HAVE_STRING_H 1
| #define HAVE_MEMORY_H 1
| #define HAVE_STRINGS_H 1
| #define HAVE_INTTYPES_H 1
| #define HAVE_STDINT_H 1
| #define HAVE_UNISTD_H 1
| /* end confdefs.h.  */
| #include <g2_PS.h>
configure:4046: result: no
configure:4046: checking for g2_PS.h
configure:4046: result: no
configure:4053: checking for an ANSI C-conforming const
configure:4119: gcc -c -g -O2  conftest.c >&5
configure:4119: $? = 0
configure:4126: result: yes
configure:4134: checking for inline
configure:4150: gcc -c -g -O2  conftest.c >&5
configure:4150: $? = 0
configure:4158: result: inline
configure:4176: checking for size_t
configure:4176: gcc -c -g -O2  conftest.c >&5
configure:4176: $? = 0
configure:4176: gcc -c -g -O2  conftest.c >&5
conftest.c: In function 'main':
conftest.c:58:21: error: expected expression before ')' token
 if (sizeof ((size_t)))
                     ^
configure:4176: $? = 1
configure: failed program was:
| /* confdefs.h */
| #define PACKAGE_NAME "RNAhybrid"
| #define PACKAGE_TARNAME "RNAhybrid"
| #define PACKAGE_VERSION "1.0"
| #define PACKAGE_STRING "RNAhybrid 1.0"
| #define PACKAGE_BUGREPORT "marc@techfak.uni-bielefeld.de"
| #define PACKAGE_URL ""
| #define PACKAGE "RNAhybrid"
| #define VERSION "1.0"
| #define HAVE_LIBM 1
| #define STDC_HEADERS 1
| #define HAVE_SYS_TYPES_H 1
| #define HAVE_SYS_STAT_H 1
| #define HAVE_STDLIB_H 1
| #define HAVE_STRING_H 1
| #define HAVE_MEMORY_H 1
| #define HAVE_STRINGS_H 1
| #define HAVE_INTTYPES_H 1
| #define HAVE_STDINT_H 1
| #define HAVE_UNISTD_H 1
| /* end confdefs.h.  */
| #include <stdio.h>
| #ifdef HAVE_SYS_TYPES_H
| # include <sys/types.h>
| #endif
| #ifdef HAVE_SYS_STAT_H
| # include <sys/stat.h>
| #endif
| #ifdef STDC_HEADERS
| # include <stdlib.h>
| # include <stddef.h>
| #else
| # ifdef HAVE_STDLIB_H
| #  include <stdlib.h>
| # endif
| #endif
| #ifdef HAVE_STRING_H
| # if !defined STDC_HEADERS && defined HAVE_MEMORY_H
| #  include <memory.h>
| # endif
| # include <string.h>
| #endif
| #ifdef HAVE_STRINGS_H
| # include <strings.h>
| #endif
| #ifdef HAVE_INTTYPES_H
| # include <inttypes.h>
| #endif
| #ifdef HAVE_STDINT_H
| # include <stdint.h>
| #endif
| #ifdef HAVE_UNISTD_H
| # include <unistd.h>
| #endif
| int
| main ()
| {
| if (sizeof ((size_t)))
| 	    return 0;
|   ;
|   return 0;
| }
configure:4176: result: yes
configure:4314: creating ./config.status

## ---------------- ##
## Cache variables. ##
## ---------------- ##

ac_cv_c_compiler_gnu=yes
ac_cv_c_const=yes
ac_cv_c_inline=inline
ac_cv_env_CC_set=
ac_cv_env_CC_value=
ac_cv_env_CFLAGS_set=
ac_cv_env_CFLAGS_value=
ac_cv_env_CPPFLAGS_set=
ac_cv_env_CPPFLAGS_value=
ac_cv_env_CPP_set=
ac_cv_env_CPP_value=
ac_cv_env_LDFLAGS_set=
ac_cv_env_LDFLAGS_value=
ac_cv_env_LIBS_set=
ac_cv_env_LIBS_value=
ac_cv_env_build_alias_set=
ac_cv_env_build_alias_value=
ac_cv_env_host_alias_set=
ac_cv_env_host_alias_value=
ac_cv_env_target_alias_set=
ac_cv_env_target_alias_value=
ac_cv_header_g2_PS_h=no
ac_cv_header_g2_h=no
ac_cv_header_inttypes_h=yes
ac_cv_header_memory_h=yes
ac_cv_header_stdc=yes
ac_cv_header_stdint_h=yes
ac_cv_header_stdlib_h=yes
ac_cv_header_string_h=yes
ac_cv_header_strings_h=yes
ac_cv_header_sys_stat_h=yes
ac_cv_header_sys_types_h=yes
ac_cv_header_unistd_h=yes
ac_cv_lib_g2_g2_open_vd=no
ac_cv_lib_gd_gdImageLine=no
ac_cv_lib_m_log=yes
ac_cv_objext=o
ac_cv_path_EGREP='/bin/grep -E'
ac_cv_path_GREP=/bin/grep
ac_cv_path_install='/usr/bin/install -c'
ac_cv_prog_AWK=gawk
ac_cv_prog_CPP='gcc -E'
ac_cv_prog_ac_ct_CC=gcc
ac_cv_prog_cc_c89=
ac_cv_prog_cc_g=yes
ac_cv_prog_make_make_set=yes
ac_cv_type_size_t=yes
am_cv_CC_dependencies_compiler_type=gcc3

## ----------------- ##
## Output variables. ##
## ----------------- ##

ACLOCAL='${SHELL} /home/beretta/tmp/miRNA/happymirna/ext-progs/RNAhybrid-2.1.1/missing --run aclocal-1.7'
AMDEPBACKSLASH='\'
AMDEP_FALSE='#'
AMDEP_TRUE=''
AMTAR='${SHELL} /home/beretta/tmp/miRNA/happymirna/ext-progs/RNAhybrid-2.1.1/missing --run tar'
AUTOCONF='${SHELL} /home/beretta/tmp/miRNA/happymirna/ext-progs/RNAhybrid-2.1.1/missing --run autoconf'
AUTOHEADER='${SHELL} /home/beretta/tmp/miRNA/happymirna/ext-progs/RNAhybrid-2.1.1/missing --run autoheader'
AUTOMAKE='${SHELL} /home/beretta/tmp/miRNA/happymirna/ext-progs/RNAhybrid-2.1.1/missing --run automake-1.7'
AWK='gawk'
CC='gcc'
CCDEPMODE='depmode=gcc3'
CFLAGS='-g -O2'
CPP='gcc -E'
CPPFLAGS=''
CYGPATH_W='echo'
DEFS='-DHAVE_CONFIG_H'
DEPDIR='.deps'
ECHO_C=''
ECHO_N='-n'
ECHO_T=''
EGREP='/bin/grep -E'
EXEEXT=''
GREP='/bin/grep'
INSTALL_DATA='${INSTALL} -m 644'
INSTALL_PROGRAM='${INSTALL}'
INSTALL_SCRIPT='${INSTALL}'
INSTALL_STRIP_PROGRAM='${SHELL} $(install_sh) -c -s'
LDFLAGS=''
LIBOBJS=''
LIBS='-lm '
LTLIBOBJS=''
MAKEINFO='${SHELL} /home/beretta/tmp/miRNA/happymirna/ext-progs/RNAhybrid-2.1.1/missing --run makeinfo'
OBJEXT='o'
PACKAGE='RNAhybrid'
PACKAGE_BUGREPORT='marc@techfak.uni-bielefeld.de'
PACKAGE_NAME='RNAhybrid'
PACKAGE_STRING='RNAhybrid 1.0'
PACKAGE_TARNAME='RNAhybrid'
PACKAGE_URL=''
PACKAGE_VERSION='1.0'
PATH_SEPARATOR=':'
SET_MAKE=''
SHELL='/bin/bash'
STRIP=''
VERSION='1.0'
ac_ct_CC='gcc'
am__fastdepCC_FALSE='#'
am__fastdepCC_TRUE=''
am__include='include'
am__leading_dot='.'
am__quote=''
bindir='${exec_prefix}/bin'
build_alias=''
datadir='${datarootdir}'
datarootdir='${prefix}/share'
docdir='${datarootdir}/doc/${PACKAGE_TARNAME}'
dvidir='${docdir}'
exec_prefix='${prefix}'
host_alias=''
htmldir='${docdir}'
includedir='${prefix}/include'
infodir='${datarootdir}/info'
install_sh='/home/beretta/tmp/miRNA/happymirna/ext-progs/RNAhybrid-2.1.1/install-sh'
libdir='${exec_prefix}/lib'
libexecdir='${exec_prefix}/libexec'
localedir='${datarootdir}/locale'
localstatedir='${prefix}/var'
mandir='${datarootdir}/man'
oldincludedir='/usr/include'
pdfdir='${docdir}'
prefix='/usr/local'
program_transform_name='s,x,x,'
psdir='${docdir}'
runstatedir='${localstatedir}/run'
sbindir='${exec_prefix}/sbin'
sharedstatedir='${prefix}/com'
sysconfdir='${prefix}/etc'
target_alias=''

## ----------- ##
## confdefs.h. ##
## ----------- ##

/* confdefs.h */
#define PACKAGE_NAME "RNAhybrid"
#define PACKAGE_TARNAME "RNAhybrid"
#define PACKAGE_VERSION "1.0"
#define PACKAGE_STRING "RNAhybrid 1.0"
#define PACKAGE_BUGREPORT "marc@techfak.uni-bielefeld.de"
#define PACKAGE_URL ""
#define PACKAGE "RNAhybrid"
#define VERSION "1.0"
#define HAVE_LIBM 1
#define STDC_HEADERS 1
#define HAVE_SYS_TYPES_H 1
#define HAVE_SYS_STAT_H 1
#define HAVE_STDLIB_H 1
#define HAVE_STRING_H 1
#define HAVE_MEMORY_H 1
#define HAVE_STRINGS_H 1
#define HAVE_INTTYPES_H 1
#define HAVE_STDINT_H 1
#define HAVE_UNISTD_H 1

configure: exit 0

## ---------------------- ##
## Running config.status. ##
## ---------------------- ##

This file was extended by RNAhybrid config.status 1.0, which was
generated by GNU Autoconf 2.69.  Invocation command line was

  CONFIG_FILES    = 
  CONFIG_HEADERS  = 
  CONFIG_LINKS    = 
  CONFIG_COMMANDS = 
  $ ./config.status Makefile

on darwin

config.status:: creating Makefile
config.status:: WARNING:  'Makefile.in' seems to ignore the --datarootdir setting

## ---------------------- ##
## Running config.status. ##
## ---------------------- ##

This file was extended by RNAhybrid config.status 1.0, which was
generated by GNU Autoconf 2.69.  Invocation command line was

  CONFIG_FILES    = 
  CONFIG_HEADERS  = 
  CONFIG_LINKS    = 
  CONFIG_COMMANDS = 
  $ ./config.status config.h

on darwin

config.status:843: creating config.h

## ---------------------- ##
## Running config.status. ##
## ---------------------- ##

This file was extended by RNAhybrid config.status 1.0, which was
generated by GNU Autoconf 2.69.  Invocation command line was

  CONFIG_FILES    = 
  CONFIG_HEADERS  = 
  CONFIG_LINKS    = 
  CONFIG_COMMANDS = 
  $ ./config.status src/Makefile depfiles

on darwin

config.status:: creating src/Makefile
config.status:: WARNING:  'src/Makefile.in' seems to ignore the --datarootdir setting
config.status:: executing depfiles commands

## ---------------------- ##
## Running config.status. ##
## ---------------------- ##

This file was extended by RNAhybrid config.status 1.0, which was
generated by GNU Autoconf 2.69.  Invocation command line was

  CONFIG_FILES    = 
  CONFIG_HEADERS  = 
  CONFIG_LINKS    = 
  CONFIG_COMMANDS = 
  $ ./config.status man/Makefile

on darwin

config.status:: creating man/Makefile
config.status:: WARNING:  'man/Makefile.in' seems to ignore the --datarootdir setting
